This file contains any messages produced by compilers while
running configure, to aid debugging if configure makes a mistake.

It was created by fdk-aac configure 0.1.6, which was
generated by GNU Autoconf 2.69.  Invocation command line was

  $ ./configure --prefix=/Users/hou/AndroidStudioProjects/PlayerLearn/build-scripts/libs/libfdk-aac/x86_64 --target=android --with-sysroot=/Users/hou/Library/Android/sdk/ndk/20.1.5948944/toolchains/llvm/prebuilt/darwin-x86_64/sysroot --enable-static --disable-shared --host=x86_64-linux-android

## --------- ##
## Platform. ##
## --------- ##

hostname = HoudeMacBook-Pro.local
uname -m = x86_64
uname -r = 18.6.0
uname -s = Darwin
uname -v = Darwin Kernel Version 18.6.0: Thu Apr 25 23:16:27 PDT 2019; root:xnu-4903.261.4~2/RELEASE_X86_64

/usr/bin/uname -p = i386
/bin/uname -X     = unknown

/bin/arch              = unknown
/usr/bin/arch -k       = unknown
/usr/convex/getsysinfo = unknown
/usr/bin/hostinfo      = Mach kernel version:
	 Darwin Kernel Version 18.6.0: Thu Apr 25 23:16:27 PDT 2019; root:xnu-4903.261.4~2/RELEASE_X86_64
Kernel configured for up to 16 processors.
8 processors are physically available.
16 processors are logically available.
Processor type: x86_64h (Intel x86-64h Haswell)
Processors active: 0 1 2 3 4 5 6 7 8 9 10 11 12 13 14 15
Primary memory available: 16.00 gigabytes
Default processor set: 475 tasks, 2778 threads, 16 processors
Load average: 2.39, Mach factor: 13.60
/bin/machine           = unknown
/usr/bin/oslevel       = unknown
/bin/universe          = unknown

PATH: /Users/hou/.sdkman/candidates/gradle/current/bin
PATH: /Library/Java/JavaVirtualMachines/jdk1.8.0_231.jdk/Contents/Home/bin
PATH: /usr/local/bin
PATH: /usr/bin
PATH: /bin
PATH: /usr/sbin
PATH: /sbin
PATH: /opt/X11/bin
PATH: /Users/hou/Library/Android/sdk/platform-tools
PATH: /Users/hou/Library/Android/sdk/tools
PATH: /Applications/CMake.app/Contents/bin
PATH: /Users/hou/UserLibs/ninja
PATH: /Users/hou/UserLibs/apache-ant-1.9.14/bin
PATH: .


## ----------- ##
## Core tests. ##
## ----------- ##

configure:2321: checking for a BSD-compatible install
configure:2389: result: /usr/bin/install -c
configure:2400: checking whether build environment is sane
configure:2455: result: yes
configure:2514: checking for x86_64-linux-android-strip
configure:2544: result: no
configure:2554: checking for strip
configure:2570: found /usr/bin/strip
configure:2581: result: strip
configure:2606: checking for a thread-safe mkdir -p
configure:2645: result: ./install-sh -c -d
configure:2652: checking for gawk
configure:2682: result: no
configure:2652: checking for mawk
configure:2682: result: no
configure:2652: checking for nawk
configure:2682: result: no
configure:2652: checking for awk
configure:2668: found /usr/bin/awk
configure:2679: result: awk
configure:2690: checking whether make sets $(MAKE)
configure:2712: result: yes
configure:2741: checking whether make supports nested variables
configure:2758: result: yes
configure:2847: checking whether UID '501' is supported by ustar format
configure:2850: result: yes
configure:2857: checking whether GID '20' is supported by ustar format
configure:2860: result: yes
configure:2868: checking how to create a ustar tar archive
configure:2879: tar --version
bsdtar 2.8.3 - libarchive 2.8.3
configure:2882: $? = 0
configure:2922: tardir=conftest.dir && eval tar --format=ustar -chf - "$tardir" >conftest.tar
configure:2925: $? = 0
configure:2929: tar -xf - <conftest.tar
configure:2932: $? = 0
configure:2934: cat conftest.dir/file
GrepMe
configure:2937: $? = 0
configure:2950: result: gnutar
configure:3011: checking whether make supports nested variables
configure:3028: result: yes
configure:3065: checking for x86_64-linux-android-gcc
configure:3092: result: /Users/hou/Library/Android/sdk/ndk/20.1.5948944/toolchains/llvm/prebuilt/darwin-x86_64/bin/x86_64-linux-android21-clang
configure:3361: checking for C compiler version
configure:3370: /Users/hou/Library/Android/sdk/ndk/20.1.5948944/toolchains/llvm/prebuilt/darwin-x86_64/bin/x86_64-linux-android21-clang --version >&5
Android (5220042 based on r346389c) clang version 8.0.7 (https://android.googlesource.com/toolchain/clang b55f2d4ebfd35bf643d27dbca1bb228957008617) (https://android.googlesource.com/toolchain/llvm 3c393fe7a7e13b0fba4ac75a01aa683d7a5b11cd) (based on LLVM 8.0.7svn)
Target: x86_64-unknown-linux-android21
Thread model: posix
InstalledDir: /Users/hou/Library/Android/sdk/ndk/20.1.5948944/toolchains/llvm/prebuilt/darwin-x86_64/bin
configure:3381: $? = 0
configure:3370: /Users/hou/Library/Android/sdk/ndk/20.1.5948944/toolchains/llvm/prebuilt/darwin-x86_64/bin/x86_64-linux-android21-clang -v >&5
Android (5220042 based on r346389c) clang version 8.0.7 (https://android.googlesource.com/toolchain/clang b55f2d4ebfd35bf643d27dbca1bb228957008617) (https://android.googlesource.com/toolchain/llvm 3c393fe7a7e13b0fba4ac75a01aa683d7a5b11cd) (based on LLVM 8.0.7svn)
Target: x86_64-unknown-linux-android21
Thread model: posix
InstalledDir: /Users/hou/Library/Android/sdk/ndk/20.1.5948944/toolchains/llvm/prebuilt/darwin-x86_64/bin
Found candidate GCC installation: /Users/hou/Library/Android/sdk/ndk/20.1.5948944/toolchains/llvm/prebuilt/darwin-x86_64/bin/../lib/gcc/i686-linux-android/4.9.x
Found candidate GCC installation: /Users/hou/Library/Android/sdk/ndk/20.1.5948944/toolchains/llvm/prebuilt/darwin-x86_64/bin/../lib/gcc/x86_64-linux-android/4.9.x
Selected GCC installation: /Users/hou/Library/Android/sdk/ndk/20.1.5948944/toolchains/llvm/prebuilt/darwin-x86_64/bin/../lib/gcc/x86_64-linux-android/4.9.x
Candidate multilib: .;@m64
Selected multilib: .;@m64
clang: warning: argument unused during compilation: '-fno-addrsig' [-Wunused-command-line-argument]
... rest of stderr output deleted ...
configure:3381: $? = 0
configure:3370: /Users/hou/Library/Android/sdk/ndk/20.1.5948944/toolchains/llvm/prebuilt/darwin-x86_64/bin/x86_64-linux-android21-clang -V >&5
clang: error: argument to '-V' is missing (expected 1 value)
clang: error: no input files
configure:3381: $? = 1
configure:3370: /Users/hou/Library/Android/sdk/ndk/20.1.5948944/toolchains/llvm/prebuilt/darwin-x86_64/bin/x86_64-linux-android21-clang -qversion >&5
clang: error: unknown argument '-qversion', did you mean '--version'?
clang: error: no input files
configure:3381: $? = 1
configure:3401: checking whether the C compiler works
configure:3423: /Users/hou/Library/Android/sdk/ndk/20.1.5948944/toolchains/llvm/prebuilt/darwin-x86_64/bin/x86_64-linux-android21-clang -DANDROID -Wall -fPIC  -lm conftest.c  >&5
configure:3427: $? = 0
configure:3475: result: yes
configure:3478: checking for C compiler default output file name
configure:3480: result: a.out
configure:3486: checking for suffix of executables
configure:3493: /Users/hou/Library/Android/sdk/ndk/20.1.5948944/toolchains/llvm/prebuilt/darwin-x86_64/bin/x86_64-linux-android21-clang -o conftest -DANDROID -Wall -fPIC  -lm conftest.c  >&5
configure:3497: $? = 0
configure:3519: result: 
configure:3541: checking whether we are cross compiling
configure:3549: /Users/hou/Library/Android/sdk/ndk/20.1.5948944/toolchains/llvm/prebuilt/darwin-x86_64/bin/x86_64-linux-android21-clang -o conftest -DANDROID -Wall -fPIC  -lm conftest.c  >&5
configure:3553: $? = 0
configure:3560: ./conftest
./configure: line 3562: ./conftest: cannot execute binary file
configure:3564: $? = 126
configure:3579: result: yes
configure:3584: checking for suffix of object files
configure:3606: /Users/hou/Library/Android/sdk/ndk/20.1.5948944/toolchains/llvm/prebuilt/darwin-x86_64/bin/x86_64-linux-android21-clang -c -DANDROID -Wall -fPIC  conftest.c >&5
configure:3610: $? = 0
configure:3631: result: o
configure:3635: checking whether we are using the GNU C compiler
configure:3654: /Users/hou/Library/Android/sdk/ndk/20.1.5948944/toolchains/llvm/prebuilt/darwin-x86_64/bin/x86_64-linux-android21-clang -c -DANDROID -Wall -fPIC  conftest.c >&5
configure:3654: $? = 0
configure:3663: result: yes
configure:3672: checking whether /Users/hou/Library/Android/sdk/ndk/20.1.5948944/toolchains/llvm/prebuilt/darwin-x86_64/bin/x86_64-linux-android21-clang accepts -g
configure:3692: /Users/hou/Library/Android/sdk/ndk/20.1.5948944/toolchains/llvm/prebuilt/darwin-x86_64/bin/x86_64-linux-android21-clang -c -g  conftest.c >&5
configure:3692: $? = 0
configure:3733: result: yes
configure:3750: checking for /Users/hou/Library/Android/sdk/ndk/20.1.5948944/toolchains/llvm/prebuilt/darwin-x86_64/bin/x86_64-linux-android21-clang option to accept ISO C89
configure:3813: /Users/hou/Library/Android/sdk/ndk/20.1.5948944/toolchains/llvm/prebuilt/darwin-x86_64/bin/x86_64-linux-android21-clang  -c -DANDROID -Wall -fPIC  conftest.c >&5
configure:3813: $? = 0
configure:3826: result: none needed
configure:3851: checking whether /Users/hou/Library/Android/sdk/ndk/20.1.5948944/toolchains/llvm/prebuilt/darwin-x86_64/bin/x86_64-linux-android21-clang understands -c and -o together
configure:3873: /Users/hou/Library/Android/sdk/ndk/20.1.5948944/toolchains/llvm/prebuilt/darwin-x86_64/bin/x86_64-linux-android21-clang -c conftest.c -o conftest2.o
configure:3876: $? = 0
configure:3873: /Users/hou/Library/Android/sdk/ndk/20.1.5948944/toolchains/llvm/prebuilt/darwin-x86_64/bin/x86_64-linux-android21-clang -c conftest.c -o conftest2.o
configure:3876: $? = 0
configure:3888: result: yes
configure:3916: checking for style of include used by make
configure:3944: result: GNU
configure:3970: checking dependency style of /Users/hou/Library/Android/sdk/ndk/20.1.5948944/toolchains/llvm/prebuilt/darwin-x86_64/bin/x86_64-linux-android21-clang
configure:4081: result: gcc3
configure:4208: checking for C++ compiler version
configure:4217: /Users/hou/Library/Android/sdk/ndk/20.1.5948944/toolchains/llvm/prebuilt/darwin-x86_64/bin/x86_64-linux-android21-clang++ --version >&5
Android (5220042 based on r346389c) clang version 8.0.7 (https://android.googlesource.com/toolchain/clang b55f2d4ebfd35bf643d27dbca1bb228957008617) (https://android.googlesource.com/toolchain/llvm 3c393fe7a7e13b0fba4ac75a01aa683d7a5b11cd) (based on LLVM 8.0.7svn)
Target: x86_64-unknown-linux-android21
Thread model: posix
InstalledDir: /Users/hou/Library/Android/sdk/ndk/20.1.5948944/toolchains/llvm/prebuilt/darwin-x86_64/bin
configure:4228: $? = 0
configure:4217: /Users/hou/Library/Android/sdk/ndk/20.1.5948944/toolchains/llvm/prebuilt/darwin-x86_64/bin/x86_64-linux-android21-clang++ -v >&5
Android (5220042 based on r346389c) clang version 8.0.7 (https://android.googlesource.com/toolchain/clang b55f2d4ebfd35bf643d27dbca1bb228957008617) (https://android.googlesource.com/toolchain/llvm 3c393fe7a7e13b0fba4ac75a01aa683d7a5b11cd) (based on LLVM 8.0.7svn)
Target: x86_64-unknown-linux-android21
Thread model: posix
InstalledDir: /Users/hou/Library/Android/sdk/ndk/20.1.5948944/toolchains/llvm/prebuilt/darwin-x86_64/bin
Found candidate GCC installation: /Users/hou/Library/Android/sdk/ndk/20.1.5948944/toolchains/llvm/prebuilt/darwin-x86_64/bin/../lib/gcc/i686-linux-android/4.9.x
Found candidate GCC installation: /Users/hou/Library/Android/sdk/ndk/20.1.5948944/toolchains/llvm/prebuilt/darwin-x86_64/bin/../lib/gcc/x86_64-linux-android/4.9.x
Selected GCC installation: /Users/hou/Library/Android/sdk/ndk/20.1.5948944/toolchains/llvm/prebuilt/darwin-x86_64/bin/../lib/gcc/x86_64-linux-android/4.9.x
Candidate multilib: .;@m64
Selected multilib: .;@m64
clang++: warning: argument unused during compilation: '-fno-addrsig' [-Wunused-command-line-argument]
... rest of stderr output deleted ...
configure:4228: $? = 0
configure:4217: /Users/hou/Library/Android/sdk/ndk/20.1.5948944/toolchains/llvm/prebuilt/darwin-x86_64/bin/x86_64-linux-android21-clang++ -V >&5
clang++: error: argument to '-V' is missing (expected 1 value)
clang++: error: no input files
configure:4228: $? = 1
configure:4217: /Users/hou/Library/Android/sdk/ndk/20.1.5948944/toolchains/llvm/prebuilt/darwin-x86_64/bin/x86_64-linux-android21-clang++ -qversion >&5
clang++: error: unknown argument '-qversion', did you mean '--version'?
clang++: error: no input files
configure:4228: $? = 1
configure:4232: checking whether we are using the GNU C++ compiler
configure:4251: /Users/hou/Library/Android/sdk/ndk/20.1.5948944/toolchains/llvm/prebuilt/darwin-x86_64/bin/x86_64-linux-android21-clang++ -c -DANDROID -Wall -fPIC  conftest.cpp >&5
configure:4251: $? = 0
configure:4260: result: yes
configure:4269: checking whether /Users/hou/Library/Android/sdk/ndk/20.1.5948944/toolchains/llvm/prebuilt/darwin-x86_64/bin/x86_64-linux-android21-clang++ accepts -g
configure:4289: /Users/hou/Library/Android/sdk/ndk/20.1.5948944/toolchains/llvm/prebuilt/darwin-x86_64/bin/x86_64-linux-android21-clang++ -c -g  conftest.cpp >&5
configure:4289: $? = 0
configure:4330: result: yes
configure:4355: checking dependency style of /Users/hou/Library/Android/sdk/ndk/20.1.5948944/toolchains/llvm/prebuilt/darwin-x86_64/bin/x86_64-linux-android21-clang++
configure:4466: result: gcc3
configure:4510: checking build system type
configure:4524: result: x86_64-apple-darwin18.6.0
configure:4544: checking host system type
configure:4557: result: x86_64-pc-linux-android
configure:4598: checking how to print strings
configure:4625: result: printf
configure:4646: checking for a sed that does not truncate output
configure:4710: result: /usr/bin/sed
configure:4728: checking for grep that handles long lines and -e
configure:4786: result: /usr/bin/grep
configure:4791: checking for egrep
configure:4853: result: /usr/bin/grep -E
configure:4858: checking for fgrep
configure:4920: result: /usr/bin/grep -F
configure:4955: checking for ld used by /Users/hou/Library/Android/sdk/ndk/20.1.5948944/toolchains/llvm/prebuilt/darwin-x86_64/bin/x86_64-linux-android21-clang
configure:5022: result: /Users/hou/Library/Android/sdk/ndk/20.1.5948944/toolchains/llvm/prebuilt/darwin-x86_64/bin/x86_64-linux-android-ld
configure:5029: checking if the linker (/Users/hou/Library/Android/sdk/ndk/20.1.5948944/toolchains/llvm/prebuilt/darwin-x86_64/bin/x86_64-linux-android-ld) is GNU ld
configure:5044: result: yes
configure:5056: checking for BSD- or MS-compatible name lister (nm)
configure:5110: result: no
configure:5124: checking for x86_64-linux-android-dumpbin
configure:5154: result: no
configure:5124: checking for x86_64-linux-android-link
configure:5154: result: no
configure:5168: checking for dumpbin
configure:5198: result: no
configure:5168: checking for link
configure:5184: found /bin/link
configure:5195: result: link -dump
configure:5211: WARNING: using cross tools not prefixed with host triplet
configure:5240: checking the name lister (nm) interface
configure:5247: /Users/hou/Library/Android/sdk/ndk/20.1.5948944/toolchains/llvm/prebuilt/darwin-x86_64/bin/x86_64-linux-android21-clang -c -DANDROID -Wall -fPIC  conftest.c >&5
configure:5250: nm "conftest.o"
configure:5253: output
0000000000000000 B some_variable
configure:5260: result: BSD nm
configure:5263: checking whether ln -s works
configure:5267: result: yes
configure:5275: checking the maximum length of command line arguments
configure:5406: result: 196608
configure:5454: checking how to convert x86_64-apple-darwin18.6.0 file names to x86_64-pc-linux-android format
configure:5494: result: func_convert_file_noop
configure:5501: checking how to convert x86_64-apple-darwin18.6.0 file names to toolchain format
configure:5521: result: func_convert_file_noop
configure:5528: checking for /Users/hou/Library/Android/sdk/ndk/20.1.5948944/toolchains/llvm/prebuilt/darwin-x86_64/bin/x86_64-linux-android-ld option to reload object files
configure:5535: result: -r
configure:5569: checking for x86_64-linux-android-objdump
configure:5599: result: no
configure:5609: checking for objdump
configure:5625: found /usr/bin/objdump
configure:5636: result: objdump
configure:5668: checking how to recognize dependent libraries
configure:5868: result: pass_all
configure:5913: checking for x86_64-linux-android-dlltool
configure:5943: result: no
configure:5953: checking for dlltool
configure:5983: result: no
configure:6013: checking how to associate runtime and link libraries
configure:6040: result: printf %s\n
configure:6057: checking for x86_64-linux-android-ar
configure:6084: result: /Users/hou/Library/Android/sdk/ndk/20.1.5948944/toolchains/llvm/prebuilt/darwin-x86_64/bin/x86_64-linux-android-ar
configure:6165: checking for archiver @FILE support
configure:6182: /Users/hou/Library/Android/sdk/ndk/20.1.5948944/toolchains/llvm/prebuilt/darwin-x86_64/bin/x86_64-linux-android21-clang -c -DANDROID -Wall -fPIC  conftest.c >&5
configure:6182: $? = 0
configure:6185: /Users/hou/Library/Android/sdk/ndk/20.1.5948944/toolchains/llvm/prebuilt/darwin-x86_64/bin/x86_64-linux-android-ar cru libconftest.a @conftest.lst >&5
configure:6188: $? = 0
configure:6193: /Users/hou/Library/Android/sdk/ndk/20.1.5948944/toolchains/llvm/prebuilt/darwin-x86_64/bin/x86_64-linux-android-ar cru libconftest.a @conftest.lst >&5
/Users/hou/Library/Android/sdk/ndk/20.1.5948944/toolchains/llvm/prebuilt/darwin-x86_64/bin/x86_64-linux-android-ar: conftest.o: No such file or directory
configure:6196: $? = 1
configure:6208: result: @
configure:6226: checking for x86_64-linux-android-strip
configure:6253: result: strip
configure:6325: checking for x86_64-linux-android-ranlib
configure:6355: result: no
configure:6365: checking for ranlib
configure:6381: found /usr/bin/ranlib
configure:6392: result: ranlib
configure:6494: checking command to parse nm output from /Users/hou/Library/Android/sdk/ndk/20.1.5948944/toolchains/llvm/prebuilt/darwin-x86_64/bin/x86_64-linux-android21-clang object
configure:6647: /Users/hou/Library/Android/sdk/ndk/20.1.5948944/toolchains/llvm/prebuilt/darwin-x86_64/bin/x86_64-linux-android21-clang -c -DANDROID -Wall -fPIC  conftest.c >&5
configure:6650: $? = 0
configure:6654: nm conftest.o \| sed -n -e 's/^.*[ ]\([BCDEGRST][BCDEGRST]*\)[ ][ ]*\([_A-Za-z][_A-Za-z0-9]*\)$/\1 \2 \2/p' | sed '/ __gnu_lto/d' \> conftest.nm
configure:6657: $? = 0
configure:6723: /Users/hou/Library/Android/sdk/ndk/20.1.5948944/toolchains/llvm/prebuilt/darwin-x86_64/bin/x86_64-linux-android21-clang -o conftest -DANDROID -Wall -fPIC  -lm conftest.c conftstm.o >&5
configure:6726: $? = 0
configure:6764: result: ok
configure:6811: checking for sysroot
configure:6841: result: /Users/hou/Library/Android/sdk/ndk/20.1.5948944/toolchains/llvm/prebuilt/darwin-x86_64/sysroot
configure:6848: checking for a working dd
configure:6886: result: /bin/dd
configure:6890: checking how to truncate binary pipes
configure:6905: result: /bin/dd bs=4096 count=1
configure:7041: /Users/hou/Library/Android/sdk/ndk/20.1.5948944/toolchains/llvm/prebuilt/darwin-x86_64/bin/x86_64-linux-android21-clang -c -DANDROID -Wall -fPIC  conftest.c >&5
configure:7044: $? = 0
configure:7194: checking for x86_64-linux-android-mt
configure:7224: result: no
configure:7234: checking for mt
configure:7264: result: no
configure:7284: checking if : is a manifest tool
configure:7290: : '-?'
configure:7298: result: no
configure:7975: checking how to run the C preprocessor
configure:8006: /Users/hou/Library/Android/sdk/ndk/20.1.5948944/toolchains/llvm/prebuilt/darwin-x86_64/bin/x86_64-linux-android21-clang -E  conftest.c
configure:8006: $? = 0
configure:8020: /Users/hou/Library/Android/sdk/ndk/20.1.5948944/toolchains/llvm/prebuilt/darwin-x86_64/bin/x86_64-linux-android21-clang -E  conftest.c
conftest.c:11:10: fatal error: 'ac_nonexistent.h' file not found
#include <ac_nonexistent.h>
         ^~~~~~~~~~~~~~~~~~
1 error generated.
configure:8020: $? = 1
configure: failed program was:
| /* confdefs.h */
| #define PACKAGE_NAME "fdk-aac"
| #define PACKAGE_TARNAME "fdk-aac"
| #define PACKAGE_VERSION "0.1.6"
| #define PACKAGE_STRING "fdk-aac 0.1.6"
| #define PACKAGE_BUGREPORT "http://sourceforge.net/projects/opencore-amr/"
| #define PACKAGE_URL ""
| #define PACKAGE "fdk-aac"
| #define VERSION "0.1.6"
| /* end confdefs.h.  */
| #include <ac_nonexistent.h>
configure:8045: result: /Users/hou/Library/Android/sdk/ndk/20.1.5948944/toolchains/llvm/prebuilt/darwin-x86_64/bin/x86_64-linux-android21-clang -E
configure:8065: /Users/hou/Library/Android/sdk/ndk/20.1.5948944/toolchains/llvm/prebuilt/darwin-x86_64/bin/x86_64-linux-android21-clang -E  conftest.c
configure:8065: $? = 0
configure:8079: /Users/hou/Library/Android/sdk/ndk/20.1.5948944/toolchains/llvm/prebuilt/darwin-x86_64/bin/x86_64-linux-android21-clang -E  conftest.c
conftest.c:11:10: fatal error: 'ac_nonexistent.h' file not found
#include <ac_nonexistent.h>
         ^~~~~~~~~~~~~~~~~~
1 error generated.
configure:8079: $? = 1
configure: failed program was:
| /* confdefs.h */
| #define PACKAGE_NAME "fdk-aac"
| #define PACKAGE_TARNAME "fdk-aac"
| #define PACKAGE_VERSION "0.1.6"
| #define PACKAGE_STRING "fdk-aac 0.1.6"
| #define PACKAGE_BUGREPORT "http://sourceforge.net/projects/opencore-amr/"
| #define PACKAGE_URL ""
| #define PACKAGE "fdk-aac"
| #define VERSION "0.1.6"
| /* end confdefs.h.  */
| #include <ac_nonexistent.h>
configure:8108: checking for ANSI C header files
configure:8128: /Users/hou/Library/Android/sdk/ndk/20.1.5948944/toolchains/llvm/prebuilt/darwin-x86_64/bin/x86_64-linux-android21-clang -c -DANDROID -Wall -fPIC  conftest.c >&5
configure:8128: $? = 0
configure:8212: result: yes
configure:8225: checking for sys/types.h
configure:8225: /Users/hou/Library/Android/sdk/ndk/20.1.5948944/toolchains/llvm/prebuilt/darwin-x86_64/bin/x86_64-linux-android21-clang -c -DANDROID -Wall -fPIC  conftest.c >&5
configure:8225: $? = 0
configure:8225: result: yes
configure:8225: checking for sys/stat.h
configure:8225: /Users/hou/Library/Android/sdk/ndk/20.1.5948944/toolchains/llvm/prebuilt/darwin-x86_64/bin/x86_64-linux-android21-clang -c -DANDROID -Wall -fPIC  conftest.c >&5
configure:8225: $? = 0
configure:8225: result: yes
configure:8225: checking for stdlib.h
configure:8225: /Users/hou/Library/Android/sdk/ndk/20.1.5948944/toolchains/llvm/prebuilt/darwin-x86_64/bin/x86_64-linux-android21-clang -c -DANDROID -Wall -fPIC  conftest.c >&5
configure:8225: $? = 0
configure:8225: result: yes
configure:8225: checking for string.h
configure:8225: /Users/hou/Library/Android/sdk/ndk/20.1.5948944/toolchains/llvm/prebuilt/darwin-x86_64/bin/x86_64-linux-android21-clang -c -DANDROID -Wall -fPIC  conftest.c >&5
configure:8225: $? = 0
configure:8225: result: yes
configure:8225: checking for memory.h
configure:8225: /Users/hou/Library/Android/sdk/ndk/20.1.5948944/toolchains/llvm/prebuilt/darwin-x86_64/bin/x86_64-linux-android21-clang -c -DANDROID -Wall -fPIC  conftest.c >&5
configure:8225: $? = 0
configure:8225: result: yes
configure:8225: checking for strings.h
configure:8225: /Users/hou/Library/Android/sdk/ndk/20.1.5948944/toolchains/llvm/prebuilt/darwin-x86_64/bin/x86_64-linux-android21-clang -c -DANDROID -Wall -fPIC  conftest.c >&5
configure:8225: $? = 0
configure:8225: result: yes
configure:8225: checking for inttypes.h
configure:8225: /Users/hou/Library/Android/sdk/ndk/20.1.5948944/toolchains/llvm/prebuilt/darwin-x86_64/bin/x86_64-linux-android21-clang -c -DANDROID -Wall -fPIC  conftest.c >&5
configure:8225: $? = 0
configure:8225: result: yes
configure:8225: checking for stdint.h
configure:8225: /Users/hou/Library/Android/sdk/ndk/20.1.5948944/toolchains/llvm/prebuilt/darwin-x86_64/bin/x86_64-linux-android21-clang -c -DANDROID -Wall -fPIC  conftest.c >&5
configure:8225: $? = 0
configure:8225: result: yes
configure:8225: checking for unistd.h
configure:8225: /Users/hou/Library/Android/sdk/ndk/20.1.5948944/toolchains/llvm/prebuilt/darwin-x86_64/bin/x86_64-linux-android21-clang -c -DANDROID -Wall -fPIC  conftest.c >&5
configure:8225: $? = 0
configure:8225: result: yes
configure:8239: checking for dlfcn.h
configure:8239: /Users/hou/Library/Android/sdk/ndk/20.1.5948944/toolchains/llvm/prebuilt/darwin-x86_64/bin/x86_64-linux-android21-clang -c -DANDROID -Wall -fPIC  conftest.c >&5
configure:8239: $? = 0
configure:8239: result: yes
configure:8506: checking for objdir
configure:8521: result: .libs
configure:8785: checking if /Users/hou/Library/Android/sdk/ndk/20.1.5948944/toolchains/llvm/prebuilt/darwin-x86_64/bin/x86_64-linux-android21-clang supports -fno-rtti -fno-exceptions
configure:8803: /Users/hou/Library/Android/sdk/ndk/20.1.5948944/toolchains/llvm/prebuilt/darwin-x86_64/bin/x86_64-linux-android21-clang -c -DANDROID -Wall -fPIC  -fno-rtti -fno-exceptions conftest.c >&5
configure:8807: $? = 0
configure:8820: result: yes
configure:9178: checking for /Users/hou/Library/Android/sdk/ndk/20.1.5948944/toolchains/llvm/prebuilt/darwin-x86_64/bin/x86_64-linux-android21-clang option to produce PIC
configure:9185: result: -fPIC -DPIC
configure:9193: checking if /Users/hou/Library/Android/sdk/ndk/20.1.5948944/toolchains/llvm/prebuilt/darwin-x86_64/bin/x86_64-linux-android21-clang PIC flag -fPIC -DPIC works
configure:9211: /Users/hou/Library/Android/sdk/ndk/20.1.5948944/toolchains/llvm/prebuilt/darwin-x86_64/bin/x86_64-linux-android21-clang -c -DANDROID -Wall -fPIC  -fPIC -DPIC -DPIC conftest.c >&5
configure:9215: $? = 0
configure:9228: result: yes
configure:9257: checking if /Users/hou/Library/Android/sdk/ndk/20.1.5948944/toolchains/llvm/prebuilt/darwin-x86_64/bin/x86_64-linux-android21-clang static flag -static works
configure:9285: result: yes
configure:9300: checking if /Users/hou/Library/Android/sdk/ndk/20.1.5948944/toolchains/llvm/prebuilt/darwin-x86_64/bin/x86_64-linux-android21-clang supports -c -o file.o
configure:9321: /Users/hou/Library/Android/sdk/ndk/20.1.5948944/toolchains/llvm/prebuilt/darwin-x86_64/bin/x86_64-linux-android21-clang -c -DANDROID -Wall -fPIC  -o out/conftest2.o conftest.c >&5
configure:9325: $? = 0
configure:9347: result: yes
configure:9355: checking if /Users/hou/Library/Android/sdk/ndk/20.1.5948944/toolchains/llvm/prebuilt/darwin-x86_64/bin/x86_64-linux-android21-clang supports -c -o file.o
configure:9402: result: yes
configure:9435: checking whether the /Users/hou/Library/Android/sdk/ndk/20.1.5948944/toolchains/llvm/prebuilt/darwin-x86_64/bin/x86_64-linux-android21-clang linker (/Users/hou/Library/Android/sdk/ndk/20.1.5948944/toolchains/llvm/prebuilt/darwin-x86_64/bin/x86_64-linux-android-ld -m elf_x86_64) supports shared libraries
configure:10698: result: yes
configure:10938: checking dynamic linker characteristics
configure:11768: result: Android linker
configure:11890: checking how to hardcode library paths into programs
configure:11915: result: immediate
configure:12463: checking whether stripping libraries is possible
configure:12485: result: no
configure:12503: checking if libtool supports shared libraries
configure:12505: result: yes
configure:12508: checking whether to build shared libraries
configure:12533: result: no
configure:12536: checking whether to build static libraries
configure:12540: result: yes
configure:12563: checking how to run the C++ preprocessor
configure:12590: /Users/hou/Library/Android/sdk/ndk/20.1.5948944/toolchains/llvm/prebuilt/darwin-x86_64/bin/x86_64-linux-android21-clang++ -E  conftest.cpp
configure:12590: $? = 0
configure:12604: /Users/hou/Library/Android/sdk/ndk/20.1.5948944/toolchains/llvm/prebuilt/darwin-x86_64/bin/x86_64-linux-android21-clang++ -E  conftest.cpp
conftest.cpp:23:10: fatal error: 'ac_nonexistent.h' file not found
#include <ac_nonexistent.h>
         ^~~~~~~~~~~~~~~~~~
1 error generated.
configure:12604: $? = 1
configure: failed program was:
| /* confdefs.h */
| #define PACKAGE_NAME "fdk-aac"
| #define PACKAGE_TARNAME "fdk-aac"
| #define PACKAGE_VERSION "0.1.6"
| #define PACKAGE_STRING "fdk-aac 0.1.6"
| #define PACKAGE_BUGREPORT "http://sourceforge.net/projects/opencore-amr/"
| #define PACKAGE_URL ""
| #define PACKAGE "fdk-aac"
| #define VERSION "0.1.6"
| #define STDC_HEADERS 1
| #define HAVE_SYS_TYPES_H 1
| #define HAVE_SYS_STAT_H 1
| #define HAVE_STDLIB_H 1
| #define HAVE_STRING_H 1
| #define HAVE_MEMORY_H 1
| #define HAVE_STRINGS_H 1
| #define HAVE_INTTYPES_H 1
| #define HAVE_STDINT_H 1
| #define HAVE_UNISTD_H 1
| #define HAVE_DLFCN_H 1
| #define LT_OBJDIR ".libs/"
| /* end confdefs.h.  */
| #include <ac_nonexistent.h>
configure:12629: result: /Users/hou/Library/Android/sdk/ndk/20.1.5948944/toolchains/llvm/prebuilt/darwin-x86_64/bin/x86_64-linux-android21-clang++ -E
configure:12649: /Users/hou/Library/Android/sdk/ndk/20.1.5948944/toolchains/llvm/prebuilt/darwin-x86_64/bin/x86_64-linux-android21-clang++ -E  conftest.cpp
configure:12649: $? = 0
configure:12663: /Users/hou/Library/Android/sdk/ndk/20.1.5948944/toolchains/llvm/prebuilt/darwin-x86_64/bin/x86_64-linux-android21-clang++ -E  conftest.cpp
conftest.cpp:23:10: fatal error: 'ac_nonexistent.h' file not found
#include <ac_nonexistent.h>
         ^~~~~~~~~~~~~~~~~~
1 error generated.
configure:12663: $? = 1
configure: failed program was:
| /* confdefs.h */
| #define PACKAGE_NAME "fdk-aac"
| #define PACKAGE_TARNAME "fdk-aac"
| #define PACKAGE_VERSION "0.1.6"
| #define PACKAGE_STRING "fdk-aac 0.1.6"
| #define PACKAGE_BUGREPORT "http://sourceforge.net/projects/opencore-amr/"
| #define PACKAGE_URL ""
| #define PACKAGE "fdk-aac"
| #define VERSION "0.1.6"
| #define STDC_HEADERS 1
| #define HAVE_SYS_TYPES_H 1
| #define HAVE_SYS_STAT_H 1
| #define HAVE_STDLIB_H 1
| #define HAVE_STRING_H 1
| #define HAVE_MEMORY_H 1
| #define HAVE_STRINGS_H 1
| #define HAVE_INTTYPES_H 1
| #define HAVE_STDINT_H 1
| #define HAVE_UNISTD_H 1
| #define HAVE_DLFCN_H 1
| #define LT_OBJDIR ".libs/"
| /* end confdefs.h.  */
| #include <ac_nonexistent.h>
configure:12825: checking for ld used by /Users/hou/Library/Android/sdk/ndk/20.1.5948944/toolchains/llvm/prebuilt/darwin-x86_64/bin/x86_64-linux-android21-clang++
configure:12892: result: /Users/hou/Library/Android/sdk/ndk/20.1.5948944/toolchains/llvm/prebuilt/darwin-x86_64/bin/x86_64-linux-android-ld -m elf_x86_64
configure:12899: checking if the linker (/Users/hou/Library/Android/sdk/ndk/20.1.5948944/toolchains/llvm/prebuilt/darwin-x86_64/bin/x86_64-linux-android-ld -m elf_x86_64) is GNU ld
configure:12914: result: yes
configure:12969: checking whether the /Users/hou/Library/Android/sdk/ndk/20.1.5948944/toolchains/llvm/prebuilt/darwin-x86_64/bin/x86_64-linux-android21-clang++ linker (/Users/hou/Library/Android/sdk/ndk/20.1.5948944/toolchains/llvm/prebuilt/darwin-x86_64/bin/x86_64-linux-android-ld -m elf_x86_64) supports shared libraries
configure:14042: result: yes
configure:14078: /Users/hou/Library/Android/sdk/ndk/20.1.5948944/toolchains/llvm/prebuilt/darwin-x86_64/bin/x86_64-linux-android21-clang++ -c -DANDROID -Wall -fPIC  conftest.cpp >&5
configure:14081: $? = 0
configure:14562: checking for /Users/hou/Library/Android/sdk/ndk/20.1.5948944/toolchains/llvm/prebuilt/darwin-x86_64/bin/x86_64-linux-android21-clang++ option to produce PIC
configure:14569: result: -fPIC -DPIC
configure:14577: checking if /Users/hou/Library/Android/sdk/ndk/20.1.5948944/toolchains/llvm/prebuilt/darwin-x86_64/bin/x86_64-linux-android21-clang++ PIC flag -fPIC -DPIC works
configure:14595: /Users/hou/Library/Android/sdk/ndk/20.1.5948944/toolchains/llvm/prebuilt/darwin-x86_64/bin/x86_64-linux-android21-clang++ -c -DANDROID -Wall -fPIC  -fPIC -DPIC -DPIC conftest.cpp >&5
configure:14599: $? = 0
configure:14612: result: yes
configure:14635: checking if /Users/hou/Library/Android/sdk/ndk/20.1.5948944/toolchains/llvm/prebuilt/darwin-x86_64/bin/x86_64-linux-android21-clang++ static flag -static works
configure:14663: result: yes
configure:14675: checking if /Users/hou/Library/Android/sdk/ndk/20.1.5948944/toolchains/llvm/prebuilt/darwin-x86_64/bin/x86_64-linux-android21-clang++ supports -c -o file.o
configure:14696: /Users/hou/Library/Android/sdk/ndk/20.1.5948944/toolchains/llvm/prebuilt/darwin-x86_64/bin/x86_64-linux-android21-clang++ -c -DANDROID -Wall -fPIC  -o out/conftest2.o conftest.cpp >&5
configure:14700: $? = 0
configure:14722: result: yes
configure:14727: checking if /Users/hou/Library/Android/sdk/ndk/20.1.5948944/toolchains/llvm/prebuilt/darwin-x86_64/bin/x86_64-linux-android21-clang++ supports -c -o file.o
configure:14774: result: yes
configure:14804: checking whether the /Users/hou/Library/Android/sdk/ndk/20.1.5948944/toolchains/llvm/prebuilt/darwin-x86_64/bin/x86_64-linux-android21-clang++ linker (/Users/hou/Library/Android/sdk/ndk/20.1.5948944/toolchains/llvm/prebuilt/darwin-x86_64/bin/x86_64-linux-android-ld -m elf_x86_64) supports shared libraries
configure:14847: result: yes
configure:14988: checking dynamic linker characteristics
configure:15745: result: Android linker
configure:15810: checking how to hardcode library paths into programs
configure:15835: result: immediate
configure:15897: checking for library containing sin
configure:15928: /Users/hou/Library/Android/sdk/ndk/20.1.5948944/toolchains/llvm/prebuilt/darwin-x86_64/bin/x86_64-linux-android21-clang -o conftest -DANDROID -Wall -fPIC  -lm conftest.c  >&5
conftest.c:30:6: warning: incompatible redeclaration of library function 'sin' [-Wincompatible-library-redeclaration]
char sin ();
     ^
conftest.c:30:6: note: 'sin' is a builtin with type 'double (double)'
1 warning generated.
configure:15928: $? = 0
configure:15945: result: none required
configure:16112: checking that generated files are newer than configure
configure:16118: result: done
configure:16149: creating ./config.status

## ---------------------- ##
## Running config.status. ##
## ---------------------- ##

This file was extended by fdk-aac config.status 0.1.6, which was
generated by GNU Autoconf 2.69.  Invocation command line was

  CONFIG_FILES    = 
  CONFIG_HEADERS  = 
  CONFIG_LINKS    = 
  CONFIG_COMMANDS = 
  $ ./config.status 

on HoudeMacBook-Pro.local

config.status:1076: creating Makefile
config.status:1076: creating fdk-aac.pc
config.status:1248: executing depfiles commands
config.status:1248: executing libtool commands

## ---------------- ##
## Cache variables. ##
## ---------------- ##

ac_cv_build=x86_64-apple-darwin18.6.0
ac_cv_c_compiler_gnu=yes
ac_cv_cxx_compiler_gnu=yes
ac_cv_env_CCC_set=
ac_cv_env_CCC_value=
ac_cv_env_CC_set=set
ac_cv_env_CC_value=/Users/hou/Library/Android/sdk/ndk/20.1.5948944/toolchains/llvm/prebuilt/darwin-x86_64/bin/x86_64-linux-android21-clang
ac_cv_env_CFLAGS_set=set
ac_cv_env_CFLAGS_value='-DANDROID -Wall -fPIC'
ac_cv_env_CPPFLAGS_set=
ac_cv_env_CPPFLAGS_value=
ac_cv_env_CPP_set=
ac_cv_env_CPP_value=
ac_cv_env_CXXCPP_set=
ac_cv_env_CXXCPP_value=
ac_cv_env_CXXFLAGS_set=set
ac_cv_env_CXXFLAGS_value='-DANDROID -Wall -fPIC'
ac_cv_env_CXX_set=set
ac_cv_env_CXX_value=/Users/hou/Library/Android/sdk/ndk/20.1.5948944/toolchains/llvm/prebuilt/darwin-x86_64/bin/x86_64-linux-android21-clang++
ac_cv_env_LDFLAGS_set=set
ac_cv_env_LDFLAGS_value=-lm
ac_cv_env_LIBS_set=
ac_cv_env_LIBS_value=
ac_cv_env_LT_SYS_LIBRARY_PATH_set=
ac_cv_env_LT_SYS_LIBRARY_PATH_value=
ac_cv_env_build_alias_set=
ac_cv_env_build_alias_value=
ac_cv_env_host_alias_set=set
ac_cv_env_host_alias_value=x86_64-linux-android
ac_cv_env_target_alias_set=set
ac_cv_env_target_alias_value=android
ac_cv_header_dlfcn_h=yes
ac_cv_header_inttypes_h=yes
ac_cv_header_memory_h=yes
ac_cv_header_stdc=yes
ac_cv_header_stdint_h=yes
ac_cv_header_stdlib_h=yes
ac_cv_header_string_h=yes
ac_cv_header_strings_h=yes
ac_cv_header_sys_stat_h=yes
ac_cv_header_sys_types_h=yes
ac_cv_header_unistd_h=yes
ac_cv_host=x86_64-pc-linux-android
ac_cv_objext=o
ac_cv_path_EGREP='/usr/bin/grep -E'
ac_cv_path_FGREP='/usr/bin/grep -F'
ac_cv_path_GREP=/usr/bin/grep
ac_cv_path_SED=/usr/bin/sed
ac_cv_path_install='/usr/bin/install -c'
ac_cv_path_lt_DD=/bin/dd
ac_cv_prog_AR=/Users/hou/Library/Android/sdk/ndk/20.1.5948944/toolchains/llvm/prebuilt/darwin-x86_64/bin/x86_64-linux-android-ar
ac_cv_prog_AWK=awk
ac_cv_prog_CC=/Users/hou/Library/Android/sdk/ndk/20.1.5948944/toolchains/llvm/prebuilt/darwin-x86_64/bin/x86_64-linux-android21-clang
ac_cv_prog_CPP='/Users/hou/Library/Android/sdk/ndk/20.1.5948944/toolchains/llvm/prebuilt/darwin-x86_64/bin/x86_64-linux-android21-clang -E'
ac_cv_prog_CXXCPP='/Users/hou/Library/Android/sdk/ndk/20.1.5948944/toolchains/llvm/prebuilt/darwin-x86_64/bin/x86_64-linux-android21-clang++ -E'
ac_cv_prog_STRIP=strip
ac_cv_prog_ac_ct_DUMPBIN='link -dump'
ac_cv_prog_ac_ct_OBJDUMP=objdump
ac_cv_prog_ac_ct_RANLIB=ranlib
ac_cv_prog_ac_ct_STRIP=strip
ac_cv_prog_cc_c89=
ac_cv_prog_cc_g=yes
ac_cv_prog_cxx_g=yes
ac_cv_prog_make_make_set=yes
ac_cv_search_sin='none required'
am_cv_CC_dependencies_compiler_type=gcc3
am_cv_CXX_dependencies_compiler_type=gcc3
am_cv_make_support_nested_variables=yes
am_cv_prog_cc_c_o=yes
am_cv_prog_tar_ustar=gnutar
lt_cv_ar_at_file=@
lt_cv_deplibs_check_method=pass_all
lt_cv_file_magic_cmd='$MAGIC_CMD'
lt_cv_file_magic_test_file=
lt_cv_ld_reload_flag=-r
lt_cv_nm_interface='BSD nm'
lt_cv_objdir=.libs
lt_cv_path_LD=/Users/hou/Library/Android/sdk/ndk/20.1.5948944/toolchains/llvm/prebuilt/darwin-x86_64/bin/x86_64-linux-android-ld
lt_cv_path_LDCXX='/Users/hou/Library/Android/sdk/ndk/20.1.5948944/toolchains/llvm/prebuilt/darwin-x86_64/bin/x86_64-linux-android-ld -m elf_x86_64'
lt_cv_path_NM=no
lt_cv_path_mainfest_tool=no
lt_cv_prog_compiler_c_o=yes
lt_cv_prog_compiler_c_o_CXX=yes
lt_cv_prog_compiler_pic='-fPIC -DPIC'
lt_cv_prog_compiler_pic_CXX='-fPIC -DPIC'
lt_cv_prog_compiler_pic_works=yes
lt_cv_prog_compiler_pic_works_CXX=yes
lt_cv_prog_compiler_rtti_exceptions=yes
lt_cv_prog_compiler_static_works=yes
lt_cv_prog_compiler_static_works_CXX=yes
lt_cv_prog_gnu_ld=yes
lt_cv_prog_gnu_ldcxx=yes
lt_cv_sharedlib_from_linklib_cmd='printf %s\n'
lt_cv_sys_global_symbol_pipe='sed -n -e '\''s/^.*[	 ]\([BCDEGRST][BCDEGRST]*\)[	 ][	 ]*\([_A-Za-z][_A-Za-z0-9]*\)$/\1 \2 \2/p'\'' | sed '\''/ __gnu_lto/d'\'''
lt_cv_sys_global_symbol_to_c_name_address='sed -n -e '\''s/^: \(.*\) .*$/  {"\1", (void *) 0},/p'\'' -e '\''s/^[BCDEGRST][BCDEGRST]* .* \(.*\)$/  {"\1", (void *) \&\1},/p'\'''
lt_cv_sys_global_symbol_to_c_name_address_lib_prefix='sed -n -e '\''s/^: \(.*\) .*$/  {"\1", (void *) 0},/p'\'' -e '\''s/^[BCDEGRST][BCDEGRST]* .* \(lib.*\)$/  {"\1", (void *) \&\1},/p'\'' -e '\''s/^[BCDEGRST][BCDEGRST]* .* \(.*\)$/  {"lib\1", (void *) \&\1},/p'\'''
lt_cv_sys_global_symbol_to_cdecl='sed -n -e '\''s/^T .* \(.*\)$/extern int \1();/p'\'' -e '\''s/^[BCDEGRST][BCDEGRST]* .* \(.*\)$/extern char \1;/p'\'''
lt_cv_sys_global_symbol_to_import=
lt_cv_sys_max_cmd_len=196608
lt_cv_to_host_file_cmd=func_convert_file_noop
lt_cv_to_tool_file_cmd=func_convert_file_noop
lt_cv_truncate_bin='/bin/dd bs=4096 count=1'

## ----------------- ##
## Output variables. ##
## ----------------- ##

ACLOCAL='${SHELL} /Users/hou/AndroidStudioProjects/PlayerLearn/fdk-aac-0.1.6/missing aclocal-1.15'
AMDEPBACKSLASH='\'
AMDEP_FALSE='#'
AMDEP_TRUE=''
AMTAR='$${TAR-tar}'
AM_BACKSLASH='\'
AM_DEFAULT_V='$(AM_DEFAULT_VERBOSITY)'
AM_DEFAULT_VERBOSITY='0'
AM_V='$(V)'
AR='/Users/hou/Library/Android/sdk/ndk/20.1.5948944/toolchains/llvm/prebuilt/darwin-x86_64/bin/x86_64-linux-android-ar'
AUTOCONF='${SHELL} /Users/hou/AndroidStudioProjects/PlayerLearn/fdk-aac-0.1.6/missing autoconf'
AUTOHEADER='${SHELL} /Users/hou/AndroidStudioProjects/PlayerLearn/fdk-aac-0.1.6/missing autoheader'
AUTOMAKE='${SHELL} /Users/hou/AndroidStudioProjects/PlayerLearn/fdk-aac-0.1.6/missing automake-1.15'
AWK='awk'
CC='/Users/hou/Library/Android/sdk/ndk/20.1.5948944/toolchains/llvm/prebuilt/darwin-x86_64/bin/x86_64-linux-android21-clang'
CCDEPMODE='depmode=gcc3'
CFLAGS='-DANDROID -Wall -fPIC'
CPP='/Users/hou/Library/Android/sdk/ndk/20.1.5948944/toolchains/llvm/prebuilt/darwin-x86_64/bin/x86_64-linux-android21-clang -E'
CPPFLAGS=''
CXX='/Users/hou/Library/Android/sdk/ndk/20.1.5948944/toolchains/llvm/prebuilt/darwin-x86_64/bin/x86_64-linux-android21-clang++'
CXXCPP='/Users/hou/Library/Android/sdk/ndk/20.1.5948944/toolchains/llvm/prebuilt/darwin-x86_64/bin/x86_64-linux-android21-clang++ -E'
CXXDEPMODE='depmode=gcc3'
CXXFLAGS='-DANDROID -Wall -fPIC'
CYGPATH_W='echo'
DEFS='-DPACKAGE_NAME=\"fdk-aac\" -DPACKAGE_TARNAME=\"fdk-aac\" -DPACKAGE_VERSION=\"0.1.6\" -DPACKAGE_STRING=\"fdk-aac\ 0.1.6\" -DPACKAGE_BUGREPORT=\"http://sourceforge.net/projects/opencore-amr/\" -DPACKAGE_URL=\"\" -DPACKAGE=\"fdk-aac\" -DVERSION=\"0.1.6\" -DSTDC_HEADERS=1 -DHAVE_SYS_TYPES_H=1 -DHAVE_SYS_STAT_H=1 -DHAVE_STDLIB_H=1 -DHAVE_STRING_H=1 -DHAVE_MEMORY_H=1 -DHAVE_STRINGS_H=1 -DHAVE_INTTYPES_H=1 -DHAVE_STDINT_H=1 -DHAVE_UNISTD_H=1 -DHAVE_DLFCN_H=1 -DLT_OBJDIR=\".libs/\"'
DEPDIR='.deps'
DLLTOOL='false'
DSYMUTIL=''
DUMPBIN=':'
ECHO_C='\c'
ECHO_N=''
ECHO_T=''
EGREP='/usr/bin/grep -E'
EXAMPLE_FALSE=''
EXAMPLE_TRUE='#'
EXEEXT=''
FDK_AAC_VERSION='1:1:0'
FGREP='/usr/bin/grep -F'
GREP='/usr/bin/grep'
INSTALL_DATA='${INSTALL} -m 644'
INSTALL_PROGRAM='${INSTALL}'
INSTALL_SCRIPT='${INSTALL}'
INSTALL_STRIP_PROGRAM='$(install_sh) -c -s'
LD='/Users/hou/Library/Android/sdk/ndk/20.1.5948944/toolchains/llvm/prebuilt/darwin-x86_64/bin/x86_64-linux-android-ld -m elf_x86_64'
LDFLAGS='-lm'
LIBOBJS=''
LIBS=''
LIBS_PRIVATE=''
LIBS_PUBLIC=''
LIBTOOL='$(SHELL) $(top_builddir)/libtool'
LIPO=''
LN_S='ln -s'
LTLIBOBJS=''
LT_SYS_LIBRARY_PATH=''
MAKEINFO='${SHELL} /Users/hou/AndroidStudioProjects/PlayerLearn/fdk-aac-0.1.6/missing makeinfo'
MANIFEST_TOOL=':'
MKDIR_P='./install-sh -c -d'
NM='nm'
NMEDIT=''
OBJDUMP='objdump'
OBJEXT='o'
OTOOL64=''
OTOOL=''
PACKAGE='fdk-aac'
PACKAGE_BUGREPORT='http://sourceforge.net/projects/opencore-amr/'
PACKAGE_NAME='fdk-aac'
PACKAGE_STRING='fdk-aac 0.1.6'
PACKAGE_TARNAME='fdk-aac'
PACKAGE_URL=''
PACKAGE_VERSION='0.1.6'
PATH_SEPARATOR=':'
RANLIB='ranlib'
SED='/usr/bin/sed'
SET_MAKE=''
SHELL='/bin/sh'
STRIP='strip'
VERSION='0.1.6'
ac_ct_AR=''
ac_ct_CC=''
ac_ct_CXX=''
ac_ct_DUMPBIN='link -dump'
am__EXEEXT_FALSE=''
am__EXEEXT_TRUE='#'
am__fastdepCC_FALSE='#'
am__fastdepCC_TRUE=''
am__fastdepCXX_FALSE='#'
am__fastdepCXX_TRUE=''
am__include='include'
am__isrc=''
am__leading_dot='.'
am__nodep='_no'
am__quote=''
am__tar='tar --format=ustar -chf - "$$tardir"'
am__untar='tar -xf -'
bindir='${exec_prefix}/bin'
build='x86_64-apple-darwin18.6.0'
build_alias=''
build_cpu='x86_64'
build_os='darwin18.6.0'
build_vendor='apple'
datadir='${datarootdir}'
datarootdir='${prefix}/share'
docdir='${datarootdir}/doc/${PACKAGE_TARNAME}'
dvidir='${docdir}'
exec_prefix='${prefix}'
host='x86_64-pc-linux-android'
host_alias='x86_64-linux-android'
host_cpu='x86_64'
host_os='linux-android'
host_vendor='pc'
htmldir='${docdir}'
includedir='${prefix}/include'
infodir='${datarootdir}/info'
install_sh='${SHELL} /Users/hou/AndroidStudioProjects/PlayerLearn/fdk-aac-0.1.6/install-sh'
libdir='${exec_prefix}/lib'
libexecdir='${exec_prefix}/libexec'
localedir='${datarootdir}/locale'
localstatedir='${prefix}/var'
mandir='${datarootdir}/man'
mkdir_p='$(MKDIR_P)'
oldincludedir='/usr/include'
pdfdir='${docdir}'
prefix='/Users/hou/AndroidStudioProjects/PlayerLearn/build-scripts/libs/libfdk-aac/x86_64'
program_transform_name='s,x,x,'
psdir='${docdir}'
runstatedir='${localstatedir}/run'
sbindir='${exec_prefix}/sbin'
sharedstatedir='${prefix}/com'
sysconfdir='${prefix}/etc'
target_alias='android'

## ----------- ##
## confdefs.h. ##
## ----------- ##

/* confdefs.h */
#define PACKAGE_NAME "fdk-aac"
#define PACKAGE_TARNAME "fdk-aac"
#define PACKAGE_VERSION "0.1.6"
#define PACKAGE_STRING "fdk-aac 0.1.6"
#define PACKAGE_BUGREPORT "http://sourceforge.net/projects/opencore-amr/"
#define PACKAGE_URL ""
#define PACKAGE "fdk-aac"
#define VERSION "0.1.6"
#define STDC_HEADERS 1
#define HAVE_SYS_TYPES_H 1
#define HAVE_SYS_STAT_H 1
#define HAVE_STDLIB_H 1
#define HAVE_STRING_H 1
#define HAVE_MEMORY_H 1
#define HAVE_STRINGS_H 1
#define HAVE_INTTYPES_H 1
#define HAVE_STDINT_H 1
#define HAVE_UNISTD_H 1
#define HAVE_DLFCN_H 1
#define LT_OBJDIR ".libs/"

configure: exit 0
